# JRE version: OpenJDK Runtime Environment (15.0.1+9) (build 15.0.1+9-18)
# Java VM: OpenJDK 64-Bit Server VM (15.0.1+9-18, mixed mode, tiered, compressed oops, g1 gc, windows-amd64)
GC Precious Log:
 CPUs: 4 total, 4 available
 Memory: 1892M
 Large Page Support: Disabled
 NUMA Support: Disabled
 Compressed Oops: Enabled (32-bit)
 Heap Region Size: 1M
 Heap Min Capacity: 8M
 Heap Initial Capacity: 30M
 Heap Max Capacity: 474M
 Pre-touch: Disabled
 Parallel Workers: 4
 Concurrent Workers: 1
 Concurrent Refinement Workers: 4
 Periodic GC: Disabled
Heap:
 garbage-first heap   total 36864K, used 12036K [0x00000000e2600000, 0x0000000100000000)
  region size 1024K, 2 young (2048K), 2 survivors (2048K)
 Metaspace       used 29092K, capacity 29361K, committed 29440K, reserved 1081344K
  class space    used 3462K, capacity 3551K, committed 3584K, reserved 1048576K
GC Heap History (20 events):
Event: 5.597 GC heap after
{Heap after GC invocations=2 (full 0):
 garbage-first heap   total 30720K, used 7952K [0x00000000e2600000, 0x0000000100000000)
  region size 1024K, 1 young (1024K), 1 survivors (1024K)
 Metaspace       used 15333K, capacity 15639K, committed 15872K, reserved 1062912K
  class space    used 1579K, capacity 1675K, committed 1792K, reserved 1048576K
}
Event: 6.836 GC heap before
{Heap before GC invocations=2 (full 0):
 garbage-first heap   total 30720K, used 16144K [0x00000000e2600000, 0x0000000100000000)
  region size 1024K, 9 young (9216K), 1 survivors (1024K)
 Metaspace       used 17930K, capacity 18268K, committed 18432K, reserved 1064960K
  class space    used 1920K, capacity 2016K, committed 2048K, reserved 1048576K
}
Event: 6.847 GC heap after
{Heap after GC invocations=3 (full 0):
 garbage-first heap   total 30720K, used 8617K [0x00000000e2600000, 0x0000000100000000)
  region size 1024K, 2 young (2048K), 2 survivors (2048K)
 Metaspace       used 17930K, capacity 18268K, committed 18432K, reserved 1064960K
  class space    used 1920K, capacity 2016K, committed 2048K, reserved 1048576K
}
Event: 7.684 GC heap before
{Heap before GC invocations=3 (full 0):
 garbage-first heap   total 30720K, used 17833K [0x00000000e2600000, 0x0000000100000000)
  region size 1024K, 11 young (11264K), 2 survivors (2048K)
 Metaspace       used 19758K, capacity 20087K, committed 20352K, reserved 1067008K
  class space    used 2222K, capacity 2345K, committed 2432K, reserved 1048576K
}
Event: 7.706 GC heap after
{Heap after GC invocations=4 (full 0):
 garbage-first heap   total 30720K, used 9438K [0x00000000e2600000, 0x0000000100000000)
  region size 1024K, 2 young (2048K), 2 survivors (2048K)
 Metaspace       used 19758K, capacity 20087K, committed 20352K, reserved 1067008K
  class space    used 2222K, capacity 2345K, committed 2432K, reserved 1048576K
}
Event: 7.900 GC heap before
{Heap before GC invocations=4 (full 0):
 garbage-first heap   total 30720K, used 12510K [0x00000000e2600000, 0x0000000100000000)
  region size 1024K, 6 young (6144K), 2 survivors (2048K)
 Metaspace       used 20779K, capacity 21079K, committed 21248K, reserved 1069056K
  class space    used 2333K, capacity 2441K, committed 2560K, reserved 1048576K
}
Event: 7.910 GC heap after
{Heap after GC invocations=5 (full 0):
 garbage-first heap   total 30720K, used 9653K [0x00000000e2600000, 0x0000000100000000)
  region size 1024K, 1 young (1024K), 1 survivors (1024K)
 Metaspace       used 20779K, capacity 21079K, committed 21248K, reserved 1069056K
  class space    used 2333K, capacity 2441K, committed 2560K, reserved 1048576K
}
Event: 8.930 GC heap before
{Heap before GC invocations=6 (full 0):
 garbage-first heap   total 30720K, used 19893K [0x00000000e2600000, 0x0000000100000000)
  region size 1024K, 12 young (12288K), 1 survivors (1024K)
 Metaspace       used 23232K, capacity 23541K, committed 23680K, reserved 1071104K
  class space    used 2747K, capacity 2830K, committed 2944K, reserved 1048576K
}
Event: 8.942 GC heap after
{Heap after GC invocations=7 (full 0):
 garbage-first heap   total 30720K, used 10197K [0x00000000e2600000, 0x0000000100000000)
  region size 1024K, 2 young (2048K), 2 survivors (2048K)
 Metaspace       used 23232K, capacity 23541K, committed 23680K, reserved 1071104K
  class space    used 2747K, capacity 2830K, committed 2944K, reserved 1048576K
}
Event: 9.503 GC heap before
{Heap before GC invocations=7 (full 0):
 garbage-first heap   total 30720K, used 19413K [0x00000000e2600000, 0x0000000100000000)
  region size 1024K, 12 young (12288K), 2 survivors (2048K)
 Metaspace       used 24999K, capacity 25386K, committed 25472K, reserved 1071104K
  class space    used 3015K, capacity 3122K, committed 3200K, reserved 1048576K
}
Event: 9.511 GC heap after
{Heap after GC invocations=8 (full 0):
 garbage-first heap   total 30720K, used 10804K [0x00000000e2600000, 0x0000000100000000)
  region size 1024K, 2 young (2048K), 2 survivors (2048K)
 Metaspace       used 24999K, capacity 25386K, committed 25472K, reserved 1071104K
  class space    used 3015K, capacity 3122K, committed 3200K, reserved 1048576K
}
Event: 10.049 GC heap before
{Heap before GC invocations=8 (full 0):
 garbage-first heap   total 30720K, used 21044K [0x00000000e2600000, 0x0000000100000000)
  region size 1024K, 12 young (12288K), 2 survivors (2048K)
 Metaspace       used 27151K, capacity 27471K, committed 27648K, reserved 1073152K
  class space    used 3217K, capacity 3325K, committed 3328K, reserved 1048576K
}
Event: 10.057 GC heap after
{Heap after GC invocations=9 (full 0):
 garbage-first heap   total 30720K, used 11501K [0x00000000e2600000, 0x0000000100000000)
  region size 1024K, 2 young (2048K), 2 survivors (2048K)
 Metaspace       used 27151K, capacity 27471K, committed 27648K, reserved 1073152K
  class space    used 3217K, capacity 3325K, committed 3328K, reserved 1048576K
}
Event: 10.106 GC heap before
{Heap before GC invocations=9 (full 0):
 garbage-first heap   total 30720K, used 21741K [0x00000000e2600000, 0x0000000100000000)
  region size 1024K, 13 young (13312K), 2 survivors (2048K)
 Metaspace       used 27420K, capacity 27761K, committed 28032K, reserved 1073152K
  class space    used 3248K, capacity 3359K, committed 3456K, reserved 1048576K
}
Event: 10.112 GC heap after
{Heap after GC invocations=10 (full 0):
 garbage-first heap   total 30720K, used 11582K [0x00000000e2600000, 0x0000000100000000)
  region size 1024K, 1 young (1024K), 1 survivors (1024K)
 Metaspace       used 27420K, capacity 27761K, committed 28032K, reserved 1073152K
  class space    used 3248K, capacity 3359K, committed 3456K, reserved 1048576K
}
Event: 10.123 GC heap before
{Heap before GC invocations=10 (full 0):
 garbage-first heap   total 30720K, used 21822K [0x00000000e2600000, 0x0000000100000000)
  region size 1024K, 12 young (12288K), 1 survivors (1024K)
 Metaspace       used 27456K, capacity 27761K, committed 28032K, reserved 1073152K
  class space    used 3255K, capacity 3359K, committed 3456K, reserved 1048576K
}
Event: 10.127 GC heap after
{Heap after GC invocations=11 (full 0):
 garbage-first heap   total 30720K, used 11542K [0x00000000e2600000, 0x0000000100000000)
  region size 1024K, 1 young (1024K), 1 survivors (1024K)
 Metaspace       used 27456K, capacity 27761K, committed 28032K, reserved 1073152K
  class space    used 3255K, capacity 3359K, committed 3456K, reserved 1048576K
}
Event: 10.140 GC heap before
{Heap before GC invocations=11 (full 0):
 garbage-first heap   total 30720K, used 22806K [0x00000000e2600000, 0x0000000100000000)
  region size 1024K, 13 young (13312K), 1 survivors (1024K)
 Metaspace       used 27491K, capacity 27825K, committed 28032K, reserved 1073152K
  class space    used 3260K, capacity 3359K, committed 3456K, reserved 1048576K
}
Event: 10.143 GC heap after
{Heap after GC invocations=12 (full 0):
 garbage-first heap   total 30720K, used 11571K [0x00000000e2600000, 0x0000000100000000)
  region size 1024K, 1 young (1024K), 1 survivors (1024K)
 Metaspace       used 27491K, capacity 27825K, committed 28032K, reserved 1073152K
  class space    used 3260K, capacity 3359K, committed 3456K, reserved 1048576K
}
Event: 10.506 GC heap before
{Heap before GC invocations=12 (full 0):
 garbage-first heap   total 30720K, used 20787K [0x00000000e2600000, 0x0000000100000000)
  region size 1024K, 12 young (12288K), 1 survivors (1024K)
 Metaspace       used 29092K, capacity 29361K, committed 29440K, reserved 1081344K
  class space    used 3462K, capacity 3551K, committed 3584K, reserved 1048576K
}

