# JRE version: OpenJDK Runtime Environment (15.0.1+9) (build 15.0.1+9-18)
# Java VM: OpenJDK 64-Bit Server VM (15.0.1+9-18, mixed mode, tiered, compressed oops, g1 gc, windows-amd64)
GC Precious Log:
 CPUs: 4 total, 4 available
 Memory: 1892M
 Large Page Support: Disabled
 NUMA Support: Disabled
 Compressed Oops: Enabled (32-bit)
 Heap Region Size: 1M
 Heap Min Capacity: 8M
 Heap Initial Capacity: 30M
 Heap Max Capacity: 474M
 Pre-touch: Disabled
 Parallel Workers: 4
 Concurrent Workers: 1
 Concurrent Refinement Workers: 4
 Periodic GC: Disabled
Heap:
 garbage-first heap   total 45056K, used 34541K [0x00000000e2600000, 0x0000000100000000)
  region size 1024K, 13 young (13312K), 2 survivors (2048K)
 Metaspace       used 65092K, capacity 65596K, committed 65868K, reserved 1105920K
  class space    used 8526K, capacity 8682K, committed 8780K, reserved 1048576K
GC Heap History (20 events):
Event: 17.315 GC heap before
{Heap before GC invocations=18 (full 0):
 garbage-first heap   total 45056K, used 33093K [0x00000000e2600000, 0x0000000100000000)
  region size 1024K, 19 young (19456K), 2 survivors (2048K)
 Metaspace       used 37718K, capacity 38155K, committed 38400K, reserved 1083392K
  class space    used 4690K, capacity 4864K, committed 4864K, reserved 1048576K
}
Event: 17.325 GC heap after
{Heap after GC invocations=19 (full 0):
 garbage-first heap   total 45056K, used 16849K [0x00000000e2600000, 0x0000000100000000)
  region size 1024K, 2 young (2048K), 2 survivors (2048K)
 Metaspace       used 37718K, capacity 38155K, committed 38400K, reserved 1083392K
  class space    used 4690K, capacity 4864K, committed 4864K, reserved 1048576K
}
Event: 17.344 GC heap before
{Heap before GC invocations=19 (full 0):
 garbage-first heap   total 45056K, used 35281K [0x00000000e2600000, 0x0000000100000000)
  region size 1024K, 21 young (21504K), 2 survivors (2048K)
 Metaspace       used 37718K, capacity 38155K, committed 38400K, reserved 1083392K
  class space    used 4690K, capacity 4864K, committed 4864K, reserved 1048576K
}
Event: 17.354 GC heap after
{Heap after GC invocations=20 (full 0):
 garbage-first heap   total 45056K, used 16798K [0x00000000e2600000, 0x0000000100000000)
  region size 1024K, 2 young (2048K), 2 survivors (2048K)
 Metaspace       used 37718K, capacity 38155K, committed 38400K, reserved 1083392K
  class space    used 4690K, capacity 4864K, committed 4864K, reserved 1048576K
}
Event: 18.844 GC heap before
{Heap before GC invocations=20 (full 0):
 garbage-first heap   total 45056K, used 35230K [0x00000000e2600000, 0x0000000100000000)
  region size 1024K, 21 young (21504K), 2 survivors (2048K)
 Metaspace       used 41172K, capacity 41649K, committed 41856K, reserved 1085440K
  class space    used 5056K, capacity 5218K, committed 5248K, reserved 1048576K
}
Event: 18.860 GC heap after
{Heap after GC invocations=21 (full 0):
 garbage-first heap   total 45056K, used 17843K [0x00000000e2600000, 0x0000000100000000)
  region size 1024K, 3 young (3072K), 3 survivors (3072K)
 Metaspace       used 41172K, capacity 41649K, committed 41856K, reserved 1085440K
  class space    used 5056K, capacity 5218K, committed 5248K, reserved 1048576K
}
Event: 20.939 GC heap before
{Heap before GC invocations=21 (full 0):
 garbage-first heap   total 45056K, used 36275K [0x00000000e2600000, 0x0000000100000000)
  region size 1024K, 21 young (21504K), 3 survivors (3072K)
 Metaspace       used 45602K, capacity 46089K, committed 46336K, reserved 1089536K
  class space    used 5657K, capacity 5801K, committed 5888K, reserved 1048576K
}
Event: 20.954 GC heap after
{Heap after GC invocations=22 (full 0):
 garbage-first heap   total 45056K, used 18866K [0x00000000e2600000, 0x0000000100000000)
  region size 1024K, 3 young (3072K), 3 survivors (3072K)
 Metaspace       used 45602K, capacity 46089K, committed 46336K, reserved 1089536K
  class space    used 5657K, capacity 5801K, committed 5888K, reserved 1048576K
}
Event: 22.842 GC heap before
{Heap before GC invocations=22 (full 0):
 garbage-first heap   total 45056K, used 34226K [0x00000000e2600000, 0x0000000100000000)
  region size 1024K, 19 young (19456K), 3 survivors (3072K)
 Metaspace       used 50261K, capacity 50674K, committed 50944K, reserved 1093632K
  class space    used 6407K, capacity 6539K, committed 6656K, reserved 1048576K
}
Event: 22.853 GC heap after
{Heap after GC invocations=23 (full 0):
 garbage-first heap   total 45056K, used 19816K [0x00000000e2600000, 0x0000000100000000)
  region size 1024K, 2 young (2048K), 2 survivors (2048K)
 Metaspace       used 50261K, capacity 50674K, committed 50944K, reserved 1093632K
  class space    used 6407K, capacity 6539K, committed 6656K, reserved 1048576K
}
Event: 24.505 GC heap before
{Heap before GC invocations=23 (full 0):
 garbage-first heap   total 45056K, used 35176K [0x00000000e2600000, 0x0000000100000000)
  region size 1024K, 18 young (18432K), 2 survivors (2048K)
 Metaspace       used 54529K, capacity 55035K, committed 55168K, reserved 1097728K
  class space    used 7015K, capacity 7181K, committed 7296K, reserved 1048576K
}
Event: 24.519 GC heap after
{Heap after GC invocations=24 (full 0):
 garbage-first heap   total 45056K, used 20680K [0x00000000e2600000, 0x0000000100000000)
  region size 1024K, 2 young (2048K), 2 survivors (2048K)
 Metaspace       used 54529K, capacity 55035K, committed 55168K, reserved 1097728K
  class space    used 7015K, capacity 7181K, committed 7296K, reserved 1048576K
}
Event: 26.164 GC heap before
{Heap before GC invocations=24 (full 0):
 garbage-first heap   total 45056K, used 36040K [0x00000000e2600000, 0x0000000100000000)
  region size 1024K, 17 young (17408K), 2 survivors (2048K)
 Metaspace       used 57976K, capacity 58440K, committed 58752K, reserved 1099776K
  class space    used 7565K, capacity 7736K, committed 7808K, reserved 1048576K
}
Event: 26.174 GC heap after
{Heap after GC invocations=25 (full 0):
 garbage-first heap   total 45056K, used 21508K [0x00000000e2600000, 0x0000000100000000)
  region size 1024K, 2 young (2048K), 2 survivors (2048K)
 Metaspace       used 57976K, capacity 58440K, committed 58752K, reserved 1099776K
  class space    used 7565K, capacity 7736K, committed 7808K, reserved 1048576K
}
Event: 27.124 GC heap before
{Heap before GC invocations=25 (full 0):
 garbage-first heap   total 45056K, used 32772K [0x00000000e2600000, 0x0000000100000000)
  region size 1024K, 14 young (14336K), 2 survivors (2048K)
 Metaspace       used 59687K, capacity 60134K, committed 60160K, reserved 1101824K
  class space    used 7746K, capacity 7934K, committed 7936K, reserved 1048576K
}
Event: 27.136 GC heap after
{Heap after GC invocations=26 (full 0):
 garbage-first heap   total 45056K, used 22771K [0x00000000e2600000, 0x0000000100000000)
  region size 1024K, 2 young (2048K), 2 survivors (2048K)
 Metaspace       used 59687K, capacity 60134K, committed 60160K, reserved 1101824K
  class space    used 7746K, capacity 7934K, committed 7936K, reserved 1048576K
}
Event: 28.239 GC heap before
{Heap before GC invocations=27 (full 0):
 garbage-first heap   total 45056K, used 35059K [0x00000000e2600000, 0x0000000100000000)
  region size 1024K, 14 young (14336K), 2 survivors (2048K)
 Metaspace       used 61468K, capacity 61947K, committed 62028K, reserved 1103872K
  class space    used 8033K, capacity 8194K, committed 8268K, reserved 1048576K
}
Event: 28.250 GC heap after
{Heap after GC invocations=28 (full 0):
 garbage-first heap   total 45056K, used 23856K [0x00000000e2600000, 0x0000000100000000)
  region size 1024K, 1 young (1024K), 1 survivors (1024K)
 Metaspace       used 61468K, capacity 61947K, committed 62028K, reserved 1103872K
  class space    used 8033K, capacity 8194K, committed 8268K, reserved 1048576K
}
Event: 29.163 GC heap before
{Heap before GC invocations=29 (full 0):
 garbage-first heap   total 45056K, used 35120K [0x00000000e2600000, 0x0000000100000000)
  region size 1024K, 13 young (13312K), 1 survivors (1024K)
 Metaspace       used 63507K, capacity 64016K, committed 64332K, reserved 1105920K
  class space    used 8287K, capacity 8455K, committed 8524K, reserved 1048576K
}
Event: 29.170 GC heap after
{Heap after GC invocations=30 (full 0):
 garbage-first heap   total 45056K, used 24301K [0x00000000e2600000, 0x0000000100000000)
  region size 1024K, 2 young (2048K), 2 survivors (2048K)
 Metaspace       used 63507K, capacity 64016K, committed 64332K, reserved 1105920K
  class space    used 8287K, capacity 8455K, committed 8524K, reserved 1048576K
}

