# JRE version: OpenJDK Runtime Environment (15.0.1+9) (build 15.0.1+9-18)
# Java VM: OpenJDK 64-Bit Server VM (15.0.1+9-18, mixed mode, tiered, compressed oops, g1 gc, windows-amd64)
GC Precious Log:
 CPUs: 4 total, 4 available
 Memory: 1892M
 Large Page Support: Disabled
 NUMA Support: Disabled
 Compressed Oops: Enabled (32-bit)
 Heap Region Size: 1M
 Heap Min Capacity: 8M
 Heap Initial Capacity: 30M
 Heap Max Capacity: 474M
 Pre-touch: Disabled
 Parallel Workers: 4
 Concurrent Workers: 1
 Concurrent Refinement Workers: 4
 Periodic GC: Disabled
Heap:
 garbage-first heap   total 38912K, used 18711K [0x00000000e2600000, 0x0000000100000000)
  region size 1024K, 1 young (1024K), 1 survivors (1024K)
 Metaspace       used 43154K, capacity 43561K, committed 43648K, reserved 1095680K
  class space    used 5305K, capacity 5449K, committed 5504K, reserved 1048576K
GC Heap History (20 events):
Event: 37.697 GC heap before
{Heap before GC invocations=14 (full 0):
 garbage-first heap   total 30720K, used 23799K [0x00000000e2600000, 0x0000000100000000)
  region size 1024K, 13 young (13312K), 2 survivors (2048K)
 Metaspace       used 31398K, capacity 31778K, committed 31872K, reserved 1077248K
  class space    used 3828K, capacity 3945K, committed 3968K, reserved 1048576K
}
Event: 37.712 GC heap after
{Heap after GC invocations=15 (full 0):
 garbage-first heap   total 30720K, used 13250K [0x00000000e2600000, 0x0000000100000000)
  region size 1024K, 2 young (2048K), 2 survivors (2048K)
 Metaspace       used 31398K, capacity 31778K, committed 31872K, reserved 1077248K
  class space    used 3828K, capacity 3945K, committed 3968K, reserved 1048576K
}
Event: 39.611 GC heap before
{Heap before GC invocations=15 (full 0):
 garbage-first heap   total 30720K, used 24514K [0x00000000e2600000, 0x0000000100000000)
  region size 1024K, 13 young (13312K), 2 survivors (2048K)
 Metaspace       used 32906K, capacity 33338K, committed 33408K, reserved 1079296K
  class space    used 4072K, capacity 4206K, committed 4224K, reserved 1048576K
}
Event: 39.630 GC heap after
{Heap after GC invocations=16 (full 0):
 garbage-first heap   total 30720K, used 14133K [0x00000000e2600000, 0x0000000100000000)
  region size 1024K, 2 young (2048K), 2 survivors (2048K)
 Metaspace       used 32906K, capacity 33338K, committed 33408K, reserved 1079296K
  class space    used 4072K, capacity 4206K, committed 4224K, reserved 1048576K
}
Event: 41.748 GC heap before
{Heap before GC invocations=16 (full 0):
 garbage-first heap   total 30720K, used 24373K [0x00000000e2600000, 0x0000000100000000)
  region size 1024K, 12 young (12288K), 2 survivors (2048K)
 Metaspace       used 34649K, capacity 35103K, committed 35200K, reserved 1079296K
  class space    used 4320K, capacity 4444K, committed 4480K, reserved 1048576K
}
Event: 41.767 GC heap after
{Heap after GC invocations=17 (full 0):
 garbage-first heap   total 30720K, used 15090K [0x00000000e2600000, 0x0000000100000000)
  region size 1024K, 2 young (2048K), 2 survivors (2048K)
 Metaspace       used 34649K, capacity 35103K, committed 35200K, reserved 1079296K
  class space    used 4320K, capacity 4444K, committed 4480K, reserved 1048576K
}
Event: 42.307 GC heap before
{Heap before GC invocations=17 (full 0):
 garbage-first heap   total 30720K, used 17138K [0x00000000e2600000, 0x0000000100000000)
  region size 1024K, 5 young (5120K), 2 survivors (2048K)
 Metaspace       used 35314K, capacity 35682K, committed 35840K, reserved 1081344K
  class space    used 4400K, capacity 4509K, committed 4608K, reserved 1048576K
}
Event: 42.329 GC heap after
{Heap after GC invocations=18 (full 0):
 garbage-first heap   total 38912K, used 15505K [0x00000000e2600000, 0x0000000100000000)
  region size 1024K, 1 young (1024K), 1 survivors (1024K)
 Metaspace       used 35314K, capacity 35682K, committed 35840K, reserved 1081344K
  class space    used 4400K, capacity 4509K, committed 4608K, reserved 1048576K
}
Event: 43.661 GC heap before
{Heap before GC invocations=19 (full 0):
 garbage-first heap   total 38912K, used 29841K [0x00000000e2600000, 0x0000000100000000)
  region size 1024K, 15 young (15360K), 1 survivors (1024K)
 Metaspace       used 37699K, capacity 38219K, committed 38400K, reserved 1083392K
  class space    used 4690K, capacity 4864K, committed 4864K, reserved 1048576K
}
Event: 43.678 GC heap after
{Heap after GC invocations=20 (full 0):
 garbage-first heap   total 38912K, used 16799K [0x00000000e2600000, 0x0000000100000000)
  region size 1024K, 2 young (2048K), 2 survivors (2048K)
 Metaspace       used 37699K, capacity 38219K, committed 38400K, reserved 1083392K
  class space    used 4690K, capacity 4864K, committed 4864K, reserved 1048576K
}
Event: 43.759 GC heap before
{Heap before GC invocations=20 (full 0):
 garbage-first heap   total 38912K, used 29087K [0x00000000e2600000, 0x0000000100000000)
  region size 1024K, 15 young (15360K), 2 survivors (2048K)
 Metaspace       used 37699K, capacity 38219K, committed 38400K, reserved 1083392K
  class space    used 4690K, capacity 4864K, committed 4864K, reserved 1048576K
}
Event: 43.775 GC heap after
{Heap after GC invocations=21 (full 0):
 garbage-first heap   total 38912K, used 17049K [0x00000000e2600000, 0x0000000100000000)
  region size 1024K, 1 young (1024K), 1 survivors (1024K)
 Metaspace       used 37699K, capacity 38219K, committed 38400K, reserved 1083392K
  class space    used 4690K, capacity 4864K, committed 4864K, reserved 1048576K
}
Event: 43.785 GC heap before
{Heap before GC invocations=21 (full 0):
 garbage-first heap   total 38912K, used 29337K [0x00000000e2600000, 0x0000000100000000)
  region size 1024K, 14 young (14336K), 1 survivors (1024K)
 Metaspace       used 37699K, capacity 38219K, committed 38400K, reserved 1083392K
  class space    used 4690K, capacity 4864K, committed 4864K, reserved 1048576K
}
Event: 43.787 GC heap after
{Heap after GC invocations=22 (full 0):
 garbage-first heap   total 38912K, used 16999K [0x00000000e2600000, 0x0000000100000000)
  region size 1024K, 1 young (1024K), 1 survivors (1024K)
 Metaspace       used 37699K, capacity 38219K, committed 38400K, reserved 1083392K
  class space    used 4690K, capacity 4864K, committed 4864K, reserved 1048576K
}
Event: 43.874 GC heap before
{Heap before GC invocations=22 (full 0):
 garbage-first heap   total 38912K, used 29287K [0x00000000e2600000, 0x0000000100000000)
  region size 1024K, 14 young (14336K), 1 survivors (1024K)
 Metaspace       used 37728K, capacity 38219K, committed 38400K, reserved 1083392K
  class space    used 4693K, capacity 4864K, committed 4864K, reserved 1048576K
}
Event: 43.877 GC heap after
{Heap after GC invocations=23 (full 0):
 garbage-first heap   total 38912K, used 16783K [0x00000000e2600000, 0x0000000100000000)
  region size 1024K, 1 young (1024K), 1 survivors (1024K)
 Metaspace       used 37728K, capacity 38219K, committed 38400K, reserved 1083392K
  class space    used 4693K, capacity 4864K, committed 4864K, reserved 1048576K
}
Event: 45.132 GC heap before
{Heap before GC invocations=23 (full 0):
 garbage-first heap   total 38912K, used 30095K [0x00000000e2600000, 0x0000000100000000)
  region size 1024K, 15 young (15360K), 1 survivors (1024K)
 Metaspace       used 40882K, capacity 41361K, committed 41600K, reserved 1085440K
  class space    used 5013K, capacity 5186K, committed 5248K, reserved 1048576K
}
Event: 45.142 GC heap after
{Heap after GC invocations=24 (full 0):
 garbage-first heap   total 38912K, used 18012K [0x00000000e2600000, 0x0000000100000000)
  region size 1024K, 2 young (2048K), 2 survivors (2048K)
 Metaspace       used 40882K, capacity 41361K, committed 41600K, reserved 1085440K
  class space    used 5013K, capacity 5186K, committed 5248K, reserved 1048576K
}
Event: 46.212 GC heap before
{Heap before GC invocations=24 (full 0):
 garbage-first heap   total 38912K, used 27228K [0x00000000e2600000, 0x0000000100000000)
  region size 1024K, 13 young (13312K), 2 survivors (2048K)
 Metaspace       used 43154K, capacity 43561K, committed 43648K, reserved 1093632K
  class space    used 5305K, capacity 5449K, committed 5504K, reserved 1048576K
}
Event: 46.221 GC heap after
{Heap after GC invocations=25 (full 0):
 garbage-first heap   total 38912K, used 18711K [0x00000000e2600000, 0x0000000100000000)
  region size 1024K, 1 young (1024K), 1 survivors (1024K)
 Metaspace       used 43154K, capacity 43561K, committed 43648K, reserved 1093632K
  class space    used 5305K, capacity 5449K, committed 5504K, reserved 1048576K
}

